<?xml version="1.0" encoding="UTF-8"?>
<testng-results ignored="0" total="3" passed="3" failed="0" skipped="0">
  <reporter-output>
  </reporter-output>
  <suite started-at="2023-12-19T10:49:58 EET" name="Default suite" finished-at="2023-12-19T10:50:15 EET" duration-ms="17057">
    <groups>
      <group name="cucumber">
        <method signature="AbstractTestNGCucumberTests.runScenario(io.cucumber.testng.PickleWrapper,io.cucumber.testng.FeatureWrapper)[pri:0, instance:Runner.TestRunner@a1153bc]" name="runScenario" class="io.cucumber.testng.AbstractTestNGCucumberTests"/>
      </group> <!-- cucumber -->
    </groups>
    <test started-at="2023-12-19T10:49:58 EET" name="Default test" finished-at="2023-12-19T10:50:15 EET" duration-ms="17057">
      <class name="Runner.TestRunner">
        <test-method is-config="true" signature="startDriver(java.lang.String)[pri:0, instance:Runner.TestRunner@a1153bc]" started-at="2023-12-19T10:49:55 EET" name="startDriver" finished-at="2023-12-19T10:49:58 EET" duration-ms="3045" status="PASS">
          <params>
            <param index="0">
              <value>
                <![CDATA[chrome]]>
              </value>
            </param>
          </params>
          <reporter-output>
          </reporter-output>
        </test-method> <!-- startDriver -->
        <test-method is-config="true" signature="setUpClass(org.testng.ITestContext)[pri:0, instance:Runner.TestRunner@a1153bc]" started-at="2023-12-19T10:49:58 EET" name="setUpClass" finished-at="2023-12-19T10:49:59 EET" duration-ms="769" status="PASS">
          <params>
            <param index="0">
              <value>
                <![CDATA[org.testng.TestRunner@4b869331]]>
              </value>
            </param>
          </params>
          <reporter-output>
          </reporter-output>
        </test-method> <!-- setUpClass -->
        <test-method signature="runScenario(io.cucumber.testng.PickleWrapper,io.cucumber.testng.FeatureWrapper)[pri:0, instance:Runner.TestRunner@a1153bc]" started-at="2023-12-19T10:49:59 EET" name="runScenario" description="Runs Cucumber Scenarios" data-provider="scenarios" finished-at="2023-12-19T10:50:07 EET" duration-ms="7887" status="PASS">
          <params>
            <param index="0">
              <value>
                <![CDATA["User Check Out Product As Guest"]]>
              </value>
            </param>
            <param index="1">
              <value>
                <![CDATA["User Check Out Product As Guest"]]>
              </value>
            </param>
          </params>
          <reporter-output>
          </reporter-output>
        </test-method> <!-- runScenario -->
        <test-method is-config="true" signature="takeScreenshotsOnFaliure(org.testng.ITestResult)[pri:0, instance:Runner.TestRunner@a1153bc]" started-at="2023-12-19T10:50:07 EET" name="takeScreenshotsOnFaliure" finished-at="2023-12-19T10:50:07 EET" duration-ms="1" status="PASS">
          <params>
            <param index="0">
              <value>
                <![CDATA[[TestResult name=runScenario status=SUCCESS method=AbstractTestNGCucumberTests.runScenario(io.cucumber.testng.PickleWrapper,io.cucumber.testng.FeatureWrapper)[pri:0, instance:Runner.TestRunner@a1153bc] output={null}]]]>
              </value>
            </param>
          </params>
          <reporter-output>
          </reporter-output>
        </test-method> <!-- takeScreenshotsOnFaliure -->
        <test-method signature="runScenario(io.cucumber.testng.PickleWrapper,io.cucumber.testng.FeatureWrapper)[pri:0, instance:Runner.TestRunner@a1153bc]" started-at="2023-12-19T10:50:07 EET" name="runScenario" description="Runs Cucumber Scenarios" data-provider="scenarios" finished-at="2023-12-19T10:50:14 EET" duration-ms="6591" status="PASS">
          <params>
            <param index="0">
              <value>
                <![CDATA["User Registration"]]>
              </value>
            </param>
            <param index="1">
              <value>
                <![CDATA["User Registration"]]>
              </value>
            </param>
          </params>
          <reporter-output>
          </reporter-output>
        </test-method> <!-- runScenario -->
        <test-method is-config="true" signature="takeScreenshotsOnFaliure(org.testng.ITestResult)[pri:0, instance:Runner.TestRunner@a1153bc]" started-at="2023-12-19T10:50:14 EET" name="takeScreenshotsOnFaliure" finished-at="2023-12-19T10:50:14 EET" duration-ms="1" status="PASS">
          <params>
            <param index="0">
              <value>
                <![CDATA[[TestResult name=runScenario status=SUCCESS method=AbstractTestNGCucumberTests.runScenario(io.cucumber.testng.PickleWrapper,io.cucumber.testng.FeatureWrapper)[pri:0, instance:Runner.TestRunner@a1153bc] output={null}]]]>
              </value>
            </param>
          </params>
          <reporter-output>
          </reporter-output>
        </test-method> <!-- takeScreenshotsOnFaliure -->
        <test-method signature="runScenario(io.cucumber.testng.PickleWrapper,io.cucumber.testng.FeatureWrapper)[pri:0, instance:Runner.TestRunner@a1153bc]" started-at="2023-12-19T10:50:14 EET" name="runScenario" description="Runs Cucumber Scenarios" data-provider="scenarios" finished-at="2023-12-19T10:50:15 EET" duration-ms="1710" status="PASS">
          <params>
            <param index="0">
              <value>
                <![CDATA["User Registration"]]>
              </value>
            </param>
            <param index="1">
              <value>
                <![CDATA["User Registration"]]>
              </value>
            </param>
          </params>
          <reporter-output>
          </reporter-output>
        </test-method> <!-- runScenario -->
        <test-method is-config="true" signature="takeScreenshotsOnFaliure(org.testng.ITestResult)[pri:0, instance:Runner.TestRunner@a1153bc]" started-at="2023-12-19T10:50:15 EET" name="takeScreenshotsOnFaliure" finished-at="2023-12-19T10:50:15 EET" duration-ms="1" status="PASS">
          <params>
            <param index="0">
              <value>
                <![CDATA[[TestResult name=runScenario status=SUCCESS method=AbstractTestNGCucumberTests.runScenario(io.cucumber.testng.PickleWrapper,io.cucumber.testng.FeatureWrapper)[pri:0, instance:Runner.TestRunner@a1153bc] output={null}]]]>
              </value>
            </param>
          </params>
          <reporter-output>
          </reporter-output>
        </test-method> <!-- takeScreenshotsOnFaliure -->
        <test-method is-config="true" signature="tearDownClass()[pri:0, instance:Runner.TestRunner@a1153bc]" started-at="2023-12-19T10:50:15 EET" name="tearDownClass" finished-at="2023-12-19T10:50:15 EET" duration-ms="52" status="PASS">
          <reporter-output>
          </reporter-output>
        </test-method> <!-- tearDownClass -->
        <test-method is-config="true" signature="closeDriver()[pri:0, instance:Runner.TestRunner@a1153bc]" started-at="2023-12-19T10:50:16 EET" name="closeDriver" finished-at="2023-12-19T10:50:16 EET" duration-ms="74" status="PASS">
          <reporter-output>
          </reporter-output>
        </test-method> <!-- closeDriver -->
      </class> <!-- Runner.TestRunner -->
    </test> <!-- Default test -->
  </suite> <!-- Default suite -->
</testng-results>
